<?xml version="1.0" encoding="UTF-8"?>
<!-- Generated by org.testng.reporters.JUnitReportReporter -->
<testsuite skipped="0" hostname="DESKTOP-S1O2178" name="com.hellofresh.testcases.WebTest" tests="1" failures="0" timestamp="02 Mar 2019 19:37:33 GMT" time="44.412" errors="0">
  <testcase name="TC_005_checkoutThenRegisterTest" time="44.412" classname="com.hellofresh.testcases.WebTest"/>
</testsuite> <!-- com.hellofresh.testcases.WebTest -->
