<?xml version="1.0" encoding="UTF-8"?>
<!-- Generated by org.testng.reporters.JUnitReportReporter -->
<testsuite skipped="0" hostname="DESKTOP-S1O2178" name="com.hellofresh.challenge.WebTest" tests="1" failures="0" timestamp="06 Jan 2019 20:52:05 GMT" time="38.895" errors="0">
  <testcase name="logInTest" time="38.895" classname="com.hellofresh.challenge.WebTest"/>
</testsuite> <!-- com.hellofresh.challenge.WebTest -->
