<?xml version="1.0" encoding="UTF-8"?>
<!-- Generated by org.testng.reporters.JUnitReportReporter -->
<testsuite skipped="0" hostname="DESKTOP-S1O2178" name="com.ha.testcases.WebTest" tests="1" failures="0" timestamp="05 Mar 2019 16:26:46 GMT" time="42.940" errors="0">
  <testcase name="TC_003_checkoutTest" time="42.940" classname="com.ha.testcases.WebTest"/>
</testsuite> <!-- com.ha.testcases.WebTest -->
